{"logLevel":"debug","message":"multithreading is set to false"}
{"logLevel":"debug","message":"Using reflection to scan dependencies for gauge implementations..."}
SLF4J: No SLF4J providers were found.
SLF4J: Defaulting to no-operation (NOP) logger implementation
SLF4J: See https://www.slf4j.org/codes.html#noProviders for further details.
{"logLevel":"debug","message":"gauge-java took 1928milliseconds to load and scan. This should be less than 'runner_connection_timeout' config value."}
{"logLevel":"debug","message":"run 'gauge config runner_connection_timeout' and verify that it is < 1928"}
{"logLevel":"debug","message":"starting gRPC server..."}
{"logLevel":"debug","message":"started gRPC server on port 60255"}
{"logLevel":"info","message":"Listening on port:60255"}
{"logLevel":"debug","message":"Scanning packages for steps"}
{"logLevel":"debug","message":"Comparing 'org.example.StepImplementation.openToAkakce' and 'org.example.StepImplementation.openToAkakce'"}
{"logLevel":"debug","message":"Found Open to Akakce in current project scope."}
{"logLevel":"debug","message":"Comparing 'org.example.StepImplementation.SearchWithKey' and 'org.example.StepImplementation.SearchWithKey'"}
{"logLevel":"debug","message":"Found Search with {} {} {} in current project scope."}
{"logLevel":"debug","message":"Comparing 'org.example.StepImplementation.registerCustomerWith' and 'org.example.StepImplementation.registerCustomerWith'"}
{"logLevel":"debug","message":"Found Sign up as {} {} with email {} and {} in current project scope."}
{"logLevel":"debug","message":"Scanning packages for hooks"}
{"logLevel":"debug","message":"Scanned steps (using static parsing + reflections): "}
{"logLevel":"debug","message":"\tOpen to Akakce : public void openToAkakce()"}
{"logLevel":"debug","message":"\tSign up as {} {} with email {} and {} : public void registerCustomerWith(String name, String surname, String email, String password) throws InterruptedException"}
{"logLevel":"debug","message":"\tSearch with {} {} {} : public void SearchWithKey(String keyWord, String minValue, String maxValue) throws IOException"}
